{"numFailedTestSuites":0,"numFailedTests":0,"numPassedTestSuites":4,"numPassedTests":19,"numPendingTestSuites":0,"numPendingTests":0,"numRuntimeErrorTestSuites":0,"numTodoTests":0,"numTotalTestSuites":4,"numTotalTests":19,"openHandles":[],"snapshot":{"added":0,"didUpdate":true,"failure":false,"filesAdded":0,"filesRemoved":0,"filesRemovedList":[],"filesUnmatched":0,"filesUpdated":1,"matched":3,"total":6,"unchecked":0,"uncheckedKeysByFile":[],"unmatched":0,"updated":3},"startTime":1586893432242,"success":true,"testResults":[{"assertionResults":[{"ancestorTitles":["DebugMediaQueries"],"failureMessages":[],"fullName":"DebugMediaQueries renders correctly","location":null,"status":"passed","title":"renders correctly"}],"endTime":1586893433907,"message":"","name":"/Users/seancdavis/code/gatsby-theme-ample-components/src/components/debug-media-queries/test.spec.js","startTime":1586893433294,"status":"passed","summary":""},{"assertionResults":[{"ancestorTitles":["SEO"],"failureMessages":[],"fullName":"SEO renders correctly","location":null,"status":"passed","title":"renders correctly"}],"endTime":1586893433915,"message":"","name":"/Users/seancdavis/code/gatsby-theme-ample-components/src/components/seo/test.spec.js","startTime":1586893433295,"status":"passed","summary":""},{"assertionResults":[{"ancestorTitles":["isFile()"],"failureMessages":[],"fullName":"isFile() returns false for paths with no extension","location":null,"status":"passed","title":"returns false for paths with no extension"},{"ancestorTitles":["isFile()"],"failureMessages":[],"fullName":"isFile() returns false for .html files","location":null,"status":"passed","title":"returns false for .html files"},{"ancestorTitles":["isFile()"],"failureMessages":[],"fullName":"isFile() returns false for .HTML files","location":null,"status":"passed","title":"returns false for .HTML files"},{"ancestorTitles":["isFile()"],"failureMessages":[],"fullName":"isFile() returns true for other files","location":null,"status":"passed","title":"returns true for other files"},{"ancestorTitles":["isGatsbyLink()"],"failureMessages":[],"fullName":"isGatsbyLink() returns true for paths with no extension","location":null,"status":"passed","title":"returns true for paths with no extension"},{"ancestorTitles":["isGatsbyLink()"],"failureMessages":[],"fullName":"isGatsbyLink() returns false for two leading slashes","location":null,"status":"passed","title":"returns false for two leading slashes"},{"ancestorTitles":["isGatsbyLink()"],"failureMessages":[],"fullName":"isGatsbyLink() returns false for domains","location":null,"status":"passed","title":"returns false for domains"},{"ancestorTitles":["isGatsbyLink()"],"failureMessages":[],"fullName":"isGatsbyLink() returns false for paths with extensions that are not HTML","location":null,"status":"passed","title":"returns false for paths with extensions that are not HTML"},{"ancestorTitles":["isGatsbyLink()"],"failureMessages":[],"fullName":"isGatsbyLink() returns true for paths with HTML extension","location":null,"status":"passed","title":"returns true for paths with HTML extension"},{"ancestorTitles":["isGatsbyLink()"],"failureMessages":[],"fullName":"isGatsbyLink() returns true for paths with uppercase HTML extension","location":null,"status":"passed","title":"returns true for paths with uppercase HTML extension"},{"ancestorTitles":["isGatsbyLink()"],"failureMessages":[],"fullName":"isGatsbyLink() returns false for hashes","location":null,"status":"passed","title":"returns false for hashes"},{"ancestorTitles":["isGatsbyLink()"],"failureMessages":[],"fullName":"isGatsbyLink() returns false for null, undefined, empty strings, hashes","location":null,"status":"passed","title":"returns false for null, undefined, empty strings, hashes"},{"ancestorTitles":["Link"],"failureMessages":[],"fullName":"Link renders correctly","location":null,"status":"passed","title":"renders correctly"}],"endTime":1586893433966,"message":"","name":"/Users/seancdavis/code/gatsby-theme-ample-components/src/components/link/test.spec.js","startTime":1586893433294,"status":"passed","summary":""},{"assertionResults":[{"ancestorTitles":["Image"],"failureMessages":[],"fullName":"Image renders correctly","location":null,"status":"passed","title":"renders correctly"},{"ancestorTitles":["Image"],"failureMessages":[],"fullName":"Image will render null if the src object is not the correct format","location":null,"status":"passed","title":"will render null if the src object is not the correct format"},{"ancestorTitles":["Image"],"failureMessages":[],"fullName":"Image will render with a proper fluid image","location":null,"status":"passed","title":"will render with a proper fluid image"},{"ancestorTitles":["Image"],"failureMessages":[],"fullName":"Image will render with a proper fixed image","location":null,"status":"passed","title":"will render with a proper fixed image"}],"endTime":1586893434311,"message":"","name":"/Users/seancdavis/code/gatsby-theme-ample-components/src/components/image/test.spec.js","startTime":1586893433295,"status":"passed","summary":""}],"wasInterrupted":false}